69 42 14 1649294236287
70 42 14 1649294240389
87 113 11 1649294439787
87 114 11 1649294442664
88 116 11 1649294449822
89 117 11 1649294452692
90 116 11 1649294455505
91 114 11 1649294458367
91 113 11 1649294461121
94 117 11 1649294463979
95 117 11 1649294466840
89 113 6 1649294470996
81 46 14 1649294471999
88 114 6 1649294473987
90 114 6 1649294476858
89 115 6 1649294479641
87 116 6 1649294482206
87 117 6 1649294484772
91 116 6 1649294487416
91 117 6 1649294490672
69 42 15 1649294508352
82 46 15 1649294510829
69 99 8 1649294577829
68 99 8 1649294580612
67 99 8 1649294583328
66 99 8 1649294586011
44 98 8 1649294723956
44 97 8 1649294728716
45 98 8 1649294731699
44 99 8 1649294734465
45 99 8 1649294737203
46 99 8 1649294740176
64 91 8 1649294743619
68 100 8 1649294746365
66 100 8 1649294749742
67 101 8 1649294752670
66 101 8 1649294755445
66 102 8 1649294762317
69 91 8 1649294765085
68 91 8 1649294767866
67 91 8 1649294771047
66 91 8 1649294773806
63 92 8 1649294776769
63 91 8 1649294779800
63 92 14 1649294784269
84 28 3 1649294788993
84 29 3 1649294791738
84 30 3 1649294794528
86 28 3 1649294797262
86 27 10 1649294802435
85 30 10 1649294805548
85 28 10 1649294808496
102 40 14 1649294921310
102 40 14 1649294928315
102 41 14 1649294942872
102 38 14 1649294951907
47 99 8 1649294953993
47 98 8 1649294957860
47 91 8 1649294960752
102 39 6 1649294962749
47 92 8 1649294963606
47 93 8 1649294966598
110 39 14 1649294971558
114 39 14 1649294976123
114 40 14 1649294979886
114 41 6 1649294983463
113 39 6 1649294988305
0 13 4 1649295011669
0 13 14 1649295022120
1 12 4 1649295027409
1 13 4 1649295034614
93 39 7 1649295052419
91 39 6 1649295057783
91 39 7 1649295061510
48 75 6 1649295082297
48 74 6 1649295089798
48 72 6 1649295093620
48 71 6 1649295097237
48 69 6 1649295100020
48 71 6 1649295103437
48 70 6 1649295106220
48 69 14 1649295108953
49 73 6 1649295112900
54 72 6 1649295116450
56 71 6 1649295119452
65 74 6 1649295122003
123 53 15 1649295126280
125 52 15 1649295128866
117 55 14 1649295131559
118 57 15 1649295135806
41 77 1 1649295166235
40 78 1 1649295173513
81 46 15 1649295199123
77 42 1 1649295200493
80 50 15 1649295203761
70 42 15 1649295206302
76 41 1 1649295206930
66 42 15 1649295208972
75 40 1 1649295213457
74 39 1 1649295217624
72 41 1 1649295233564
71 42 1 1649295236275
66 42 15 1649295238758
70 43 1 1649295242154
68 45 1 1649295247557
67 45 1 1649295250375
64 45 1 1649295252806
63 42 1 1649295261458
64 41 1 1649295265959
70 31 1 1649295270803
69 30 1 1649295281869
68 29 1 1649295288358
67 28 1 1649295295910
66 27 1 1649295303616
65 28 1 1649295309466
72 20 10 1649295314123
73 40 1 1649295360261
69 44 1 1649295365219
119 56 14 1649295371138
119 55 14 1649295374578
117 57 14 1649295377650
123 52 15 1649295382458
125 52 15 1649295385385
46 82 14 1649295385439
125 53 15 1649295388585
58 97 7 1649295388599
125 51 15 1649295395988
24 60 5 1649295398701
66 45 1 1649295401518
65 45 1 1649295404429
63 44 1 1649295407399
63 43 1 1649295410242
63 40 1 1649295413386
64 39 1 1649295416475
70 32 1 1649295419678
69 32 1 1649295424125
70 32 15 1649295430138
72 19 10 1649295446943
72 18 10 1649295450122
46 17 15 1649295459534
46 16 15 1649295462375
46 15 15 1649295465068
74 17 14 1649295467098
46 14 15 1649295468097
72 17 10 1649295474291
63 15 15 1649295474973
73 17 10 1649295477269
62 15 15 1649295477989
74 16 0 1649295482702
50 17 15 1649295488724
73 16 1 1649295490050
72 16 1 1649295493031
50 15 15 1649295494417
51 15 15 1649295495904
51 14 15 1649295497664
71 15 1 1649295497730
52 14 15 1649295498789
54 14 15 1649295500631
71 16 1 1649295501594
54 15 15 1649295501913
54 16 15 1649295503597
70 16 1 1649295504434
74 17 13 1649295504617
54 17 15 1649295504887
56 16 15 1649295506585
56 15 15 1649295507796
74 17 14 1649295509301
56 15 15 1649295509433
56 14 13 1649295509991
56 14 15 1649295510950
56 15 13 1649295512978
55 14 15 1649295514675
56 14 13 1649295515484
55 16 15 1649295515927
56 15 15 1649295517516
70 15 1 1649295518118
56 16 13 1649295518266
56 14 15 1649295518705
58 15 15 1649295520489
56 15 13 1649295521381
58 16 15 1649295521526
58 18 15 1649295523486
56 14 13 1649295524248
61 17 15 1649295525168
61 16 15 1649295526353
63 17 15 1649295527150
55 14 13 1649295527165
61 15 15 1649295527897
61 14 15 1649295529308
54 14 13 1649295529864
63 16 15 1649295530282
63 14 15 1649295530755
54 15 13 1649295532632
61 14 15 1649295532726
62 16 15 1649295533050
62 14 15 1649295535802
54 16 13 1649295536453
55 16 13 1649295539115
20 59 15 1649295541436
54 17 13 1649295541888
19 59 15 1649295543334
46 17 13 1649295547102
71 19 10 1649295547242
46 16 13 1649295550016
71 14 0 1649295554154
46 15 13 1649295554949
72 15 0 1649295557062
50 17 13 1649295557581
50 15 13 1649295560550
51 14 13 1649295563174
71 13 2 1649295566103
52 14 13 1649295566398
51 15 13 1649295569299
73 15 15 1649295571370
58 15 13 1649295572275
74 15 15 1649295574130
58 16 13 1649295575179
70 14 15 1649295577434
60 17 13 1649295578099
70 17 15 1649295580314
61 17 13 1649295581276
71 17 15 1649295584242
61 17 15 1649295586366
75 14 15 1649295587242
74 14 15 1649295590134
62 17 13 1649295593167
73 14 15 1649295593222
72 14 15 1649295595958
62 16 13 1649295596354
62 15 13 1649295599337
71 13 15 1649295599589
62 14 13 1649295602074
63 14 13 1649295605432
64 14 13 1649295609436
64 15 13 1649295612510
72 20 15 1649295614750
64 16 13 1649295615132
64 17 13 1649295618756
72 20 10 1649295620250
63 16 13 1649295622521
72 22 15 1649295626370
72 21 15 1649295629322
79 18 2 1649295668626
79 20 2 1649295671530
72 13 15 1649295675842
73 13 15 1649295679402
74 13 15 1649295682250
58 96 8 1649295684004
75 13 15 1649295685151
58 97 8 1649295687091
70 16 15 1649295688002
76 13 15 1649295691042
77 13 15 1649295694102
65 15 15 1649295695685
78 13 15 1649295697050
65 14 15 1649295698654
67 14 15 1649295701574
67 15 15 1649295704191
79 22 2 1649295704498
79 21 2 1649295707854
79 23 2 1649295710962
79 24 2 1649295713971
79 26 2 1649295717313
79 25 2 1649295720343
79 27 2 1649295723242
79 28 2 1649295725982
78 28 2 1649295728730
78 29 2 1649295731382
78 30 2 1649295735194
78 31 2 1649295737970
77 31 2 1649295740482
77 32 2 1649295743110
76 32 2 1649295745642
75 32 2 1649295748882
74 32 2 1649295752276
73 32 2 1649295755333
46 17 15 1649295759334
46 16 15 1649295760944
46 15 15 1649295762267
50 15 15 1649295763771
51 15 15 1649295765052
51 14 15 1649295766497
52 14 15 1649295768114
72 32 2 1649295769052
54 15 15 1649295769698
54 17 15 1649295771012
54 16 15 1649295772636
56 16 15 1649295774024
56 15 15 1649295775354
56 14 15 1649295777008
54 14 15 1649295778249
55 14 15 1649295780718
71 32 2 1649295781674
55 16 15 1649295782254
58 17 15 1649295783635
58 16 15 1649295785909
70 32 2 1649295786903
58 15 15 1649295787130
58 14 15 1649295788717
60 16 15 1649295790458
60 17 15 1649295791878
68 31 15 1649295792382
59 17 15 1649295793385
62 17 15 1649295794752
68 30 15 1649295795470
68 28 15 1649295799713
68 27 15 1649295802478
68 25 15 1649295805121
64 16 15 1649295807221
68 26 15 1649295807638
64 17 15 1649295809682
68 24 15 1649295810582
64 14 15 1649295810657
64 15 15 1649295812480
63 16 15 1649295813475
69 24 15 1649295813533
62 16 15 1649295815298
62 15 15 1649295816266
69 23 15 1649295816722
70 23 15 1649295819602
71 22 15 1649295822414
73 23 15 1649295825002
73 24 15 1649295827574
72 24 15 1649295830142
72 23 15 1649295833173
71 23 15 1649295836954
74 18 14 1649295843222
75 17 14 1649295846074
65 72 6 1649295853458
64 71 9 1649295858310
64 75 9 1649295861150
53 72 6 1649295865794
48 73 6 1649295868620
49 70 6 1649295872296
50 70 6 1649295875541
50 16 15 1649295877815
50 17 15 1649295879209
52 17 15 1649295880614
51 17 15 1649295882153
48 17 15 1649295883631
48 16 15 1649295885236
48 15 15 1649295888095
0 13 4 1649295888963
47 14 15 1649295889514
47 16 15 1649295890934
0 12 4 1649295891942
50 14 15 1649295892532
0 11 4 1649295894904
0 10 4 1649295897902
1 12 14 1649295903126
1 11 14 1649295906148
47 94 8 1649295907862
1 10 14 1649295909122
47 95 8 1649295913153
96 51 0 1649295914361
62 91 8 1649295917692
96 52 14 1649295918834
61 91 8 1649295920494
60 91 8 1649295923233
58 91 8 1649295926007
57 91 8 1649295929028
56 91 8 1649295931782
55 91 8 1649295934500
54 91 8 1649295937283
92 39 6 1649295938842
53 91 8 1649295940117
52 91 8 1649295942924
51 91 8 1649295945951
50 91 8 1649295949878
49 91 8 1649295953013
48 92 8 1649295956364
48 91 8 1649295959191
19 59 11 1649295963571
24 69 4 1649295968635
24 70 4 1649295971690
22 69 15 1649295976193
22 70 15 1649295978922
90 74 6 1649295985022
48 93 8 1649295989340
48 94 8 1649295992079
63 15 15 1649295992671
89 80 0 1649295994802
48 95 8 1649295994974
63 14 15 1649295995520
88 80 0 1649295997630
62 14 15 1649295998357
49 97 8 1649295998399
88 81 0 1649296000474
48 97 8 1649296001346
88 81 0 1649296003322
48 98 8 1649296004059
88 82 0 1649296006140
48 99 8 1649296007050
89 19 0 1649296007302
89 82 0 1649296009110
48 100 8 1649296009789
88 19 0 1649296010617
49 101 8 1649296012325
88 18 0 1649296013510
89 81 0 1649296014522
49 100 8 1649296015101
90 18 0 1649296016113
49 99 8 1649296017904
122 80 0 1649296018678
89 18 0 1649296018962
49 98 8 1649296020629
123 80 0 1649296021582
90 19 0 1649296021928
49 96 8 1649296023547
122 81 0 1649296024323
91 20 0 1649296024647
49 95 8 1649296026542
122 82 0 1649296027113
91 19 0 1649296027742
49 94 8 1649296029332
90 20 0 1649296030581
121 82 0 1649296031270
49 93 8 1649296032170
89 20 0 1649296033402
121 81 0 1649296034258
49 92 8 1649296035143
88 20 0 1649296036181
121 80 0 1649296037382
50 92 8 1649296037877
87 19 0 1649296038885
51 92 8 1649296040641
88 21 0 1649296041762
52 92 8 1649296043365
123 80 9 1649296044082
90 21 0 1649296044421
53 92 8 1649296046167
87 102 8 1649296049319
86 102 8 1649296052005
85 102 8 1649296054775
83 102 8 1649296057499
84 102 8 1649296060339
81 102 8 1649296063095
81 101 8 1649296065838
84 101 8 1649296068709
85 101 8 1649296071516
86 101 8 1649296074195
87 101 8 1649296076982
86 100 8 1649296079710
90 101 8 1649296082532
53 10 15 1649296084149
92 101 8 1649296085395
70 10 15 1649296087281
93 101 8 1649296088140
105 105 14 1649296088661
89 100 8 1649296090774
55 8 2 1649296091962
104 105 15 1649296094428
55 9 2 1649296094950
90 100 8 1649296095029
91 100 8 1649296097801
55 10 2 1649296097942
92 100 8 1649296100581
59 10 2 1649296100831
93 100 8 1649296103340
107 119 12 1649296103808
59 9 2 1649296104542
89 99 8 1649296106635
59 8 2 1649296107542
108 120 15 1649296109100
90 99 8 1649296109407
58 9 2 1649296110350
108 119 15 1649296111991
92 99 8 1649296112429
56 9 2 1649296114714
93 99 8 1649296115231
56 11 15 1649296119963
103 127 12 1649296120391
91 98 8 1649296121481
57 11 15 1649296122914
104 127 12 1649296123308
92 98 8 1649296124285
58 11 15 1649296125850
93 98 8 1649296127017
105 127 12 1649296127832
57 10 15 1649296128770
90 97 8 1649296129749
57 8 15 1649296131870
91 97 8 1649296132511
123 127 6 1649296133063
93 97 8 1649296135468
124 127 6 1649296135853
66 17 15 1649296137194
93 96 8 1649296138245
125 127 6 1649296138859
66 16 15 1649296140182
92 96 8 1649296141055
121 117 6 1649296141649
89 96 8 1649296144253
68 17 15 1649296145522
120 117 15 1649296145976
88 96 8 1649296147231
87 96 8 1649296149998
71 18 10 1649296151742
87 97 8 1649296152774
70 19 10 1649296154942
86 96 8 1649296155576
85 96 8 1649296158474
71 20 10 1649296158890
84 96 8 1649296161267
112 122 14 1649296161601
83 96 8 1649296164028
113 122 14 1649296164421
82 96 8 1649296166773
114 122 14 1649296167236
81 96 8 1649296169560
115 122 14 1649296170913
85 98 8 1649296172260
115 121 14 1649296173712
84 98 8 1649296175051
114 121 14 1649296176238
84 99 8 1649296177792
113 121 14 1649296179008
83 99 8 1649296180738
114 123 14 1649296182467
81 97 8 1649296183484
113 123 14 1649296185345
82 97 8 1649296186302
113 124 14 1649296187999
81 98 8 1649296189010
112 123 14 1649296190571
82 98 8 1649296191917
115 123 14 1649296193384
81 99 8 1649296194664
115 124 14 1649296196144
82 99 8 1649296197382
122 8 2 1649296198918
81 100 8 1649296200096
122 8 2 1649296202350
82 100 8 1649296203453
122 9 2 1649296205330
81 91 8 1649296206225
82 91 8 1649296209096
83 91 8 1649296212027
81 92 8 1649296214875
121 7 13 1649296215226
82 92 8 1649296217608
81 93 8 1649296220400
121 7 11 1649296222258
82 94 8 1649296223576
121 6 11 1649296225318
83 94 8 1649296226486
81 95 8 1649296229929
122 8 14 1649296230429
81 95 8 1649296232736
82 95 8 1649296235690
123 119 14 1649296236927
83 95 8 1649296238478
123 8 14 1649296239618
84 92 8 1649296241216
84 93 8 1649296243944
122 8 2 1649296246197
84 94 8 1649296246852
84 95 8 1649296249757
85 91 8 1649296253380
123 119 6 1649296256023
84 92 8 1649296256454
124 119 6 1649296256858
125 119 6 1649296258851
126 119 6 1649296259756
85 92 8 1649296260570
126 118 6 1649296261788
125 118 6 1649296262634
85 93 8 1649296263370
124 118 6 1649296264598
123 118 6 1649296265416
85 94 8 1649296266236
123 117 6 1649296267487
124 117 6 1649296268313
85 95 8 1649296269179
125 117 6 1649296270316
126 117 6 1649296271162
65 27 15 1649296273150
126 120 6 1649296273185
126 121 6 1649296274060
86 91 8 1649296274327
65 28 15 1649296275878
126 122 6 1649296276074
126 123 6 1649296276989
87 91 8 1649296277054
126 124 6 1649296279021
86 92 8 1649296280010
126 125 6 1649296280035
123 125 6 1649296281812
65 23 1 1649296281918
123 124 6 1649296282704
87 92 8 1649296282792
123 123 6 1649296284632
64 22 1 1649296285262
124 123 6 1649296285437
86 93 8 1649296285742
125 123 6 1649296287432
63 21 1 1649296288090
125 122 6 1649296288257
87 93 8 1649296289054
124 122 6 1649296290300
62 20 1 1649296291230
123 122 6 1649296291244
88 93 8 1649296291852
123 121 6 1649296293160
123 120 6 1649296294111
61 19 1 1649296294290
89 93 8 1649296294664
124 120 6 1649296296020
125 120 6 1649296296881
61 17 1 1649296297361
90 92 8 1649296297409
125 121 6 1649296298847
124 121 6 1649296299754
90 91 8 1649296300115
60 18 1 1649296300978
89 91 8 1649296302905
61 17 15 1649296305457
86 94 8 1649296305613
86 95 8 1649296308368
87 94 8 1649296311143
59 17 1 1649296312998
87 95 8 1649296313909
80 7 2 1649296315871
58 16 1 1649296315928
88 94 8 1649296317115
81 8 2 1649296318869
57 15 1 1649296319355
88 95 8 1649296319923
80 8 2 1649296321796
56 14 1 1649296322383
89 94 8 1649296322685
55 13 1 1649296325339
89 95 8 1649296325417
81 8 15 1649296326808
90 94 8 1649296328174
54 12 1 1649296328374
80 8 15 1649296329902
90 95 8 1649296330917
53 13 1 1649296331137
80 7 15 1649296332704
91 91 8 1649296333718
52 14 1 1649296334402
79 8 15 1649296336105
91 92 8 1649296336461
51 15 1 1649296337110
78 8 15 1649296338918
91 93 8 1649296339268
50 16 1 1649296339970
91 94 8 1649296342047
91 95 8 1649296344928
14 11 14 1649296345199
80 8 2 1649296345420
92 95 8 1649296347986
15 11 4 1649296349969
93 95 8 1649296350736
93 94 8 1649296353522
80 9 15 1649296354035
49 17 1 1649296355242
91 94 8 1649296356659
48 17 1 1649296358310
92 94 8 1649296359752
92 93 8 1649296362483
48 18 15 1649296364530
93 93 8 1649296365461
47 17 15 1649296368186
93 92 8 1649296368256
92 92 8 1649296370964
48 17 15 1649296371026
92 91 8 1649296373711
48 18 1 1649296375729
93 91 8 1649296376638
47 19 1 1649296378986
46 18 1 1649296382110
46 16 1 1649296385677
113 40 14 1649296388431
46 16 15 1649296390706
113 41 6 1649296393432
45 17 1 1649296396340
44 16 1 1649296399290
43 15 1 1649296402074
42 14 1 1649296405150
58 102 8 1649296405548
50 101 8 1649296408292
41 15 1 1649296408963
33 56 15 1649296409249
34 56 6 1649296410224
50 100 8 1649296411014
40 16 1 1649296413598
50 99 8 1649296413776
34 56 15 1649296415661
39 17 1 1649296416538
37 56 15 1649296417074
39 57 15 1649296418423
38 18 1 1649296419463
54 80 12 1649296419709
41 55 15 1649296420375
42 57 15 1649296421387
37 20 1 1649296422522
42 59 15 1649296423176
41 59 15 1649296424385
37 19 1 1649296425290
39 59 15 1649296426015
36 59 15 1649296427024
34 59 15 1649296428553
35 59 15 1649296430114
38 59 15 1649296432041
36 20 15 1649296432181
60 102 8 1649296433396
37 59 15 1649296434191
37 20 15 1649296435103
40 59 15 1649296435274
62 102 8 1649296436133
39 58 15 1649296438860
64 102 8 1649296439086
39 58 15 1649296439606
36 20 1 1649296440462
51 101 8 1649296441812
52 101 8 1649296444567
54 101 8 1649296447318
53 101 8 1649296450107
36 20 15 1649296450226
51 100 8 1649296454534
52 100 8 1649296457251
38 20 1 1649296457882
53 100 8 1649296460109
39 21 1 1649296461369
54 100 8 1649296462849
44 26 1 1649296464842
58 100 8 1649296465749
45 25 1 1649296468418
58 101 8 1649296468496
46 24 1 1649296471130
61 101 8 1649296471275
47 23 1 1649296473922
60 101 8 1649296474069
63 101 8 1649296476824
48 22 1 1649296476870
64 101 8 1649296479570
49 21 1 1649296479742
64 100 8 1649296482289
50 20 1 1649296482642
64 99 8 1649296484999
52 19 1 1649296485282
63 99 8 1649296488360
53 18 1 1649296488410
62 100 8 1649296491169
54 17 1 1649296491350
62 99 8 1649296493925
55 17 1 1649296496230
61 99 8 1649296496672
60 99 8 1649296499414
56 18 1 1649296501462
60 100 8 1649296503225
57 19 1 1649296504542
94 91 8 1649296506613
56 21 1 1649296507434
94 92 8 1649296509410
56 20 1 1649296510382
94 93 8 1649296512036
55 22 1 1649296513162
94 94 8 1649296514772
55 23 1 1649296516170
94 95 8 1649296517493
54 24 1 1649296519190
94 96 8 1649296520249
94 97 8 1649296522984
53 25 1 1649296523218
94 98 8 1649296525765
94 99 8 1649296528558
53 26 1 1649296528678
94 100 8 1649296531680
53 32 1 1649296531698
94 101 8 1649296534419
53 31 1 1649296534450
94 102 8 1649296537249
52 33 1 1649296538149
95 102 8 1649296540285
95 101 8 1649296543083
53 27 1 1649296543209
96 102 8 1649296545845
53 28 1 1649296546126
97 102 8 1649296548595
53 29 1 1649296549257
98 102 8 1649296551315
53 30 1 1649296552162
99 102 8 1649296554058
54 29 1 1649296555202
100 102 8 1649296557162
113 102 8 1649296559919
54 29 14 1649296562222
114 102 8 1649296562855
115 101 8 1649296565822
115 102 8 1649296568566
54 29 2 1649296569130
116 100 8 1649296571290
116 98 8 1649296573997
54 28 1 1649296574742
116 99 8 1649296576816
55 27 1 1649296577730
116 97 8 1649296579596
55 29 1 1649296580722
116 96 8 1649296582354
55 30 1 1649296583882
110 102 8 1649296585070
51 35 1 1649296586742
111 102 8 1649296587811
51 34 1 1649296589606
112 102 8 1649296590551
101 102 8 1649296593204
51 35 15 1649296595642
102 102 8 1649296595938
50 35 1 1649296601763
48 36 1 1649296607090
49 36 1 1649296610030
48 37 6 1649296614750
48 36 6 1649296617558
103 102 8 1649296621018
48 37 5 1649296622350
104 102 8 1649296623844
48 36 5 1649296625242
105 102 8 1649296626616
106 102 8 1649296629371
107 102 8 1649296632107
50 38 1 1649296632360
108 102 8 1649296634743
51 39 1 1649296635244
109 102 8 1649296637695
52 40 1 1649296638978
116 102 8 1649296640457
52 41 1 1649296642422
116 101 8 1649296643243
52 42 1 1649296645562
96 103 8 1649296646028
52 43 1 1649296648502
96 104 8 1649296648985
51 59 1 1649296651750
96 105 8 1649296651872
51 60 1 1649296654530
96 106 8 1649296654644
96 107 8 1649296657466
51 99 8 1649296660242
113 41 14 1649296663122
108 108 8 1649296663789
107 108 8 1649296666590
113 40 6 1649296668023
106 108 8 1649296669351
105 108 8 1649296673107
104 108 8 1649296675901
51 61 1 1649296676780
103 108 8 1649296678629
50 62 1 1649296680490
102 108 8 1649296681434
100 108 8 1649296686425
101 108 8 1649296689142
98 108 8 1649296692356
51 62 1 1649296694571
99 108 8 1649296695329
51 63 1 1649296697561
97 108 8 1649296698084
97 103 8 1649296701232
50 62 15 1649296702246
98 103 8 1649296704632
99 103 8 1649296707418
99 104 8 1649296710180
52 66 1 1649296712022
100 103 8 1649296713046
52 64 1 1649296715729
101 103 8 1649296715761
102 103 8 1649296718457
52 64 1 1649296718650
103 103 8 1649296721331
52 65 1 1649296722267
104 103 8 1649296724063
52 67 1 1649296725203
105 103 8 1649296726814
52 68 1 1649296728250
106 103 8 1649296729583
107 103 8 1649296732337
52 77 1 1649296732643
109 103 8 1649296735402
52 78 1 1649296735406
108 103 8 1649296738173
52 79 1 1649296738402
52 80 1 1649296740890
110 103 8 1649296740929
52 81 1 1649296743598
111 103 8 1649296744166
52 82 1 1649296746082
112 103 8 1649296746923
113 103 8 1649296749667
52 83 1 1649296750522
114 103 8 1649296752419
52 84 1 1649296753462
115 103 8 1649296755196
116 103 8 1649296757908
110 108 8 1649296760685
111 108 8 1649296763416
114 108 8 1649296766183
115 108 8 1649296768988
117 109 8 1649296771718
118 109 8 1649296774602
120 108 8 1649296777394
121 108 8 1649296780354
123 109 8 1649296783987
124 109 8 1649296787759
126 108 8 1649296790506
124 107 8 1649296793297
123 107 8 1649296797227
118 107 8 1649296799984
117 107 8 1649296802726
116 106 8 1649296805996
117 106 8 1649296808713
118 106 8 1649296811617
119 106 8 1649296814418
122 106 8 1649296817132
123 106 8 1649296819893
124 106 8 1649296822641
125 106 8 1649296826064
126 104 8 1649296830815
126 104 14 1649296834813
126 105 8 1649296840256
125 105 8 1649296843028
124 105 8 1649296845780
123 105 8 1649296848549
122 105 8 1649296851270
121 105 8 1649296854216
114 105 8 1649296856997
113 105 8 1649296859762
112 105 8 1649296862495
110 105 8 1649296865250
108 105 8 1649296867997
106 104 8 1649296870786
106 105 8 1649296873579
104 105 8 1649296876331
102 105 8 1649296879103
58 99 8 1649296886279
57 99 8 1649296889140
56 99 8 1649296891879
55 99 8 1649296894621
54 99 8 1649296897377
53 99 8 1649296900110
52 98 8 1649296903115
52 99 8 1649296906055
46 82 11 1649296911347
89 80 13 1649296919853
89 80 1 1649296924837
122 80 1 1649296927636
122 81 1 1649296930572
89 81 1 1649296933423
102 104 8 1649296938723
108 104 8 1649296941646
102 106 8 1649296944880
102 107 8 1649296947646
54 98 8 1649296950526
53 98 8 1649296953435
54 98 14 1649296957992
106 106 8 1649296962251
109 106 8 1649296965043
110 106 8 1649296967823
112 106 8 1649296970605
113 106 8 1649296973373
112 107 8 1649296976149
110 107 14 1649296981358
108 107 8 1649296987235
106 107 8 1649296990152
104 107 8 1649296992948
100 107 8 1649296996298
99 107 8 1649296999006
98 107 8 1649297001731
98 106 8 1649297004642
99 106 8 1649297007395
100 106 8 1649297010158
100 105 8 1649297013274
98 105 8 1649297016018
113 104 8 1649297019035
114 104 8 1649297021885
115 104 8 1649297024643
118 104 8 1649297027924
119 104 8 1649297030669
121 103 8 1649297033421
122 103 8 1649297036298
125 103 8 1649297039166
126 103 8 1649297041930
123 102 8 1649297044808
122 102 8 1649297047542
121 102 8 1649297050286
120 102 8 1649297053239
117 102 8 1649297056005
117 101 8 1649297058773
13 96 14 1649297060025
118 101 8 1649297061880
126 101 8 1649297064630
125 101 8 1649297067367
123 100 8 1649297070609
118 100 8 1649297074542
122 100 8 1649297077283
119 100 8 1649297080048
117 100 8 1649297082783
55 35 14 1649297082908
117 99 8 1649297085516
118 99 8 1649297088278
119 99 8 1649297091110
120 99 8 1649297093864
125 99 8 1649297096587
50 98 8 1649297099268
51 98 8 1649297102047
50 93 8 1649297106614
50 94 8 1649297109417
50 95 8 1649297112155
50 96 8 1649297114927
50 97 8 1649297117721
50 93 8 1649297120252
51 93 8 1649297123103
51 94 8 1649297126014
51 95 8 1649297128763
51 97 8 1649297131857
51 96 8 1649297134589
53 97 8 1649297138229
52 96 8 1649297140959
53 95 8 1649297143767
52 94 8 1649297146519
53 93 8 1649297149383
52 93 8 1649297152116
53 94 8 1649297156600
52 95 8 1649297159567
53 96 8 1649297162467
52 97 8 1649297165414
58 95 8 1649297170051
58 94 8 1649297173041
58 93 8 1649297175764
60 93 8 1649297178538
61 93 8 1649297181303
62 93 8 1649297183939
63 93 8 1649297186654
64 93 8 1649297189584
66 93 8 1649297193467
66 94 8 1649297196260
66 95 8 1649297199011
66 96 8 1649297201780
66 97 8 1649297204483
67 97 8 1649297207230
54 83 5 1649297208320
68 97 8 1649297210198
69 97 8 1649297213049
69 93 8 1649297215979
68 93 8 1649297218779
67 93 8 1649297221477
70 59 15 1649297221812
64 94 8 1649297224225
64 95 8 1649297227012
71 60 15 1649297227832
64 96 8 1649297229768
64 97 8 1649297234269
63 97 8 1649297239134
62 97 8 1649297241880
61 97 8 1649297244618
60 97 8 1649297247292
57 97 8 1649297250026
56 97 8 1649297252760
55 97 8 1649297255469
54 97 8 1649297258236
54 96 8 1649297261013
54 95 8 1649297263738
54 94 8 1649297266527
54 93 8 1649297269282
55 93 8 1649297271987
56 93 8 1649297274749
57 93 8 1649297277520
94 27 3 1649297278032
60 94 8 1649297280315
93 30 3 1649297281732
60 95 8 1649297283085
85 30 3 1649297284620
60 96 8 1649297286036
86 29 3 1649297288334
85 29 10 1649297304732
93 27 10 1649297310492
93 29 10 1649297313692
94 28 10 1649297319080
89 27 10 1649297334432
93 27 2 1649297340821
93 27 3 1649297349772
90 33 3 1649297360732
89 33 10 1649297365912
117 98 8 1649297365933
118 98 8 1649297368693
119 98 8 1649297371472
120 98 8 1649297374148
121 98 8 1649297376761
122 97 8 1649297379890
123 96 8 1649297382650
124 95 8 1649297385393
126 96 8 1649297388292
126 98 8 1649297404801
125 98 8 1649297407531
89 33 8 1649297409328
124 98 8 1649297410221
90 33 8 1649297412225
121 97 8 1649297413011
120 97 8 1649297415742
119 96 8 1649297418457
89 33 10 1649297418640
39 59 8 1649297420161
118 96 8 1649297421179
90 33 3 1649297423712
117 96 8 1649297423897
39 58 8 1649297424756
117 97 8 1649297426642
118 97 8 1649297429362
38 59 8 1649297429743
123 29 9 1649297430572
119 97 8 1649297432150
36 59 8 1649297432964
120 96 8 1649297434877
37 59 8 1649297435589
121 96 8 1649297437603
122 29 14 1649297437972
122 96 8 1649297440159
35 59 8 1649297441356
125 94 8 1649297443053
40 59 8 1649297446324
126 93 8 1649297446344
58 2 14 1649297457360
126 92 8 1649297457524
125 91 8 1649297460253
124 91 8 1649297462989
59 2 9 1649297463313
125 93 8 1649297465934
127 92 8 1649297468596
127 91 8 1649297471337
126 91 8 1649297474252
125 92 8 1649297477049
11 39 9 1649297482952
116 93 5 1649297483913
114 91 5 1649297486666
115 91 5 1649297489486
115 92 5 1649297492251
42 59 14 1649297493935
116 92 5 1649297494993
118 93 5 1649297497694
42 57 14 1649297498307
118 92 5 1649297500390
39 57 14 1649297501138
119 92 5 1649297503123
33 59 14 1649297503744
119 91 5 1649297505844
34 59 14 1649297507436
120 91 5 1649297508572
33 59 13 1649297513173
123 93 13 1649297516370
33 56 13 1649297516402
122 94 13 1649297519123
41 59 8 1649297519705
121 93 13 1649297521857
122 92 13 1649297524624
34 56 13 1649297524677
111 93 13 1649297527289
37 56 13 1649297527423
37 56 13 1649297527682
112 92 13 1649297530240
41 55 13 1649297530296
113 93 13 1649297533188
41 55 13 1649297533191
112 94 13 1649297535907
122 29 8 1649297541023
123 29 8 1649297544193
58 2 8 1649297549748
59 2 8 1649297552652
123 29 9 1649297555352
52 113 8 1649297556032
59 2 9 1649297558412
51 113 8 1649297558987
105 105 8 1649297561825
12 39 8 1649297563732
15 1 15 1649297568192
122 29 14 1649297578152
11 39 14 1649297581293
12 39 8 1649297581680
58 2 14 1649297584672
14 1 14 1649297588312
11 39 9 1649297588466
52 113 14 1649297592332
12 39 9 1649297593887
105 105 14 1649297595312
13 96 15 1649297601624
24 60 15 1649297605562
51 113 9 1649297607054
12 70 10 1649297618472
84 33 3 1649297620754
84 34 3 1649297623521
84 35 3 1649297626687
11 39 14 1649297627612
86 34 3 1649297630109
86 35 3 1649297632863
12 39 8 1649297633612
86 33 3 1649297635580
85 32 10 1649297640243
85 33 10 1649297644565
85 35 10 1649297647779
89 32 10 1649297650897
93 35 10 1649297653792
96 34 10 1649297656592
98 34 10 1649297660017
96 33 10 1649297663103
98 33 10 1649297665843
98 35 10 1649297668569
96 35 10 1649297671407
89 34 10 1649297674185
89 35 3 1649297680000
94 34 3 1649297682844
94 33 3 1649297685675
97 33 3 1649297688434
97 34 3 1649297691232
89 27 3 1649297713392
86 30 3 1649297716572
86 28 3 1649297719512
23 71 4 1649297719987
86 27 3 1649297722572
24 71 4 1649297722783
67 41 14 1649297725493
86 28 10 1649297727412
24 69 15 1649297728167
68 41 14 1649297728547
86 29 10 1649297730272
23 69 15 1649297730886
69 41 14 1649297731539
120 7 11 1649297783686
120 6 11 1649297786485
119 7 11 1649297789230
119 6 11 1649297792031
118 7 11 1649297794828
118 6 11 1649297797486
118 5 11 1649297800217
119 5 11 1649297802964
69 87 8 1649297810372
70 87 8 1649297813071
71 87 8 1649297815813
71 88 8 1649297818546
74 61 15 1649297820496
77 61 15 1649297826192
74 60 15 1649297829132
71 60 15 1649297832032
78 59 15 1649297837140
67 112 14 1649297838708
66 112 14 1649297841445
71 61 15 1649297841552
65 113 14 1649297844183
75 60 15 1649297844492
64 112 14 1649297846912
76 60 15 1649297847052
64 113 14 1649297849783
72 59 15 1649297850032
64 114 14 1649297852508
23 56 15 1649297853012
64 115 14 1649297855253
15 59 15 1649297855892
64 116 14 1649297858469
14 95 15 1649297858792
99 93 15 1649297861892
51 113 8 1649297863777
83 45 15 1649297864780
52 113 8 1649297866692
98 95 15 1649297867960
57 60 15 1649297870732
14 28 15 1649297874265
65 14 15 1649297877492
58 59 15 1649297880500
98 93 15 1649297883272
91 59 15 1649297886292
83 45 15 1649297889200
94 21 15 1649297892214
94 11 15 1649297895210
64 14 15 1649297898092
85 21 15 1649297901232
100 95 15 1649297903912
114 38 6 1649297905365
75 60 15 1649297907075
85 45 15 1649297910592
29 53 15 1649297915032
23 56 15 1649297917954
14 94 15 1649297920932
54 27 9 1649297922156
98 93 15 1649297923552
55 28 9 1649297924942
83 46 15 1649297926233
54 29 9 1649297927730
122 54 15 1649297929232
54 30 9 1649297930484
116 2 15 1649297932312
60 25 15 1649297936732
49 24 15 1649297939915
15 27 15 1649297943092
54 30 14 1649297943902
59 59 15 1649297946040
54 29 14 1649297946893
73 61 15 1649297948872
55 28 14 1649297949678
64 17 15 1649297951672
54 27 14 1649297952412
84 44 15 1649297954472
52 26 14 1649297955198
59 60 15 1649297957312
54 26 14 1649297957847
38 38 15 1649297960072
55 26 14 1649297961182
64 14 15 1649297962992
56 26 14 1649297963920
107 4 15 1649297965792
56 27 14 1649297966658
107 94 15 1649297968632
56 28 14 1649297969564
119 126 15 1649297971432
56 29 14 1649297972341
56 30 14 1649297975085
55 31 14 1649297978399
56 31 14 1649297981124
54 31 14 1649297983902
52 31 14 1649297986668
52 30 14 1649297989407
52 29 14 1649297992221
52 28 14 1649297995063
52 27 14 1649297997838
66 16 15 1649298023112
64 14 15 1649298029520
72 61 15 1649298033300
100 93 15 1649298036180
12 94 15 1649298039192
22 55 15 1649298042072
65 16 15 1649298044953
71 60 15 1649298047872
97 94 15 1649298050572
14 101 15 1649298055132
15 30 15 1649298058112
15 97 15 1649298060872
57 60 15 1649298064182
83 47 15 1649298068388
73 60 15 1649298089512
101 94 15 1649298092472
65 14 15 1649298095472
59 60 15 1649298098352
13 94 15 1649298101152
94 21 15 1649298104152
63 14 15 1649298107092
15 28 15 1649298109913
118 116 15 1649298112832
125 57 15 1649298115712
118 1 15 1649298118652
94 21 15 1649298121472
83 45 15 1649298124952
30 119 15 1649298127752
24 102 15 1649298130592
23 111 15 1649298133440
22 111 15 1649298136472
118 52 15 1649298144420
53 60 15 1649298147852
83 45 15 1649298150612
64 15 15 1649298153632
61 25 15 1649298156292
15 28 15 1649298159112
107 4 15 1649298162012
74 61 15 1649298164952
59 61 15 1649298168380
54 83 11 1649298171486
64 15 15 1649298175392
75 60 15 1649298178456
98 94 15 1649298181192
112 118 15 1649298184202
98 95 15 1649298186940
125 57 15 1649298189800
84 46 15 1649298192848
66 39 15 1649298197608
56 59 15 1649298200461
22 57 15 1649298203312
48 14 15 1649298208028
85 32 3 1649298210154
66 15 15 1649298211041
85 11 15 1649298213920
109 125 15 1649298216640
122 53 15 1649298219600
71 60 15 1649298222548
58 61 15 1649298225460
25 70 4 1649298229311
25 71 4 1649298232093
23 71 15 1649298236435
23 70 15 1649298239250
63 14 15 1649298247760
72 60 15 1649298251840
63 15 15 1649298254804
64 30 15 1649298257671
67 19 15 1649298288797
67 16 15 1649298289992
64 17 15 1649298291538
64 16 15 1649298292718
64 16 15 1649298295256
66 19 15 1649298296815
64 15 15 1649298297948
67 21 15 1649298299472
58 60 15 1649298300992
60 60 15 1649298302392
56 59 15 1649298303572
97 93 15 1649298305012
58 61 15 1649298306612
65 16 15 1649298307951
21 57 15 1649298309532
66 15 15 1649298316052
65 29 15 1649298317392
64 17 15 1649298318952
65 30 15 1649298320231
56 63 15 1649298321672
62 61 15 1649298323499
72 62 15 1649298325192
11 94 15 1649298326956
24 57 15 1649298328540
66 16 15 1649298330119
61 14 15 1649298331572
120 75 0 1649298332066
66 18 15 1649298333316
5 98 15 1649298335300
121 75 1 1649298336853
58 61 15 1649298336872
13 95 15 1649298338420
62 60 15 1649298339872
15 96 15 1649298341451
122 75 2 1649298341982
60 61 15 1649298342871
15 97 15 1649298344412
55 61 15 1649298345772
58 59 15 1649298346962
123 75 3 1649298347297
17 99 15 1649298348571
57 61 15 1649298350012
59 60 15 1649298351172
125 74 4 1649298351417
14 95 15 1649298352700
124 75 4 1649298354167
55 59 15 1649298354192
14 96 15 1649298355841
62 60 15 1649298357371
11 95 15 1649298359060
125 75 5 1649298359348
57 59 15 1649298361019
111 125 15 1649298363412
74 61 15 1649298365272
71 59 15 1649298366260
68 41 15 1649298367455
75 61 15 1649298368411
71 60 15 1649298369500
69 41 15 1649298370197
70 58 15 1649298372172
67 41 15 1649298372956
75 61 15 1649298373611
60 60 15 1649298375080
73 60 15 1649298376792
61 59 15 1649298378072
72 59 15 1649298379372
65 17 15 1649298380828
23 54 15 1649298382412
6 94 15 1649298383872
73 59 15 1649298385400
60 59 15 1649298386592
72 61 15 1649298390731
62 60 15 1649298392092
75 60 15 1649298394432
54 62 15 1649298396112
66 18 15 1649298397891
61 60 15 1649298399492
60 60 15 1649298401052
58 59 15 1649298402292
59 61 15 1649298403671
59 60 15 1649298406576
55 60 15 1649298407716
56 59 15 1649298410368
59 60 15 1649298411723
57 59 15 1649298413002
59 61 15 1649298414408
56 58 15 1649298415648
59 60 15 1649298419056
71 62 15 1649298420380
59 59 15 1649298422080
71 61 15 1649298423540
57 58 15 1649298424872
60 61 15 1649298426431
58 13 2 1649298427043
55 59 15 1649298427732
61 61 15 1649298428972
58 14 2 1649298429965
60 61 15 1649298431891
58 15 2 1649298432819
55 60 15 1649298433120
60 60 15 1649298434472
58 16 2 1649298435729
71 62 15 1649298435732
59 16 2 1649298438485
60 16 2 1649298441011
58 60 15 1649298443432
60 15 2 1649298443719
59 59 15 1649298444972
59 60 15 1649298446231
59 14 2 1649298446334
56 59 15 1649298447512
59 61 15 1649298448792
59 13 2 1649298449144
56 59 15 1649298450032
60 60 15 1649298451732
62 13 2 1649298451882
57 59 15 1649298453132
62 14 2 1649298454547
59 60 15 1649298454719
58 59 15 1649298456112
63 15 2 1649298457400
59 60 15 1649298458392
58 60 15 1649298459992
63 16 2 1649298460215
59 61 15 1649298461552
64 14 2 1649298463049
57 60 15 1649298463560
64 13 2 1649298465704
62 18 2 1649298468627
59 60 15 1649298468720
58 61 15 1649298470391
62 19 2 1649298471239
59 61 15 1649298471752
59 60 15 1649298473036
62 20 2 1649298474215
55 59 15 1649298474392
60 60 15 1649298475652
62 21 2 1649298476812
58 60 15 1649298477072
60 59 15 1649298478960
63 18 2 1649298479438
58 61 15 1649298480752
63 19 2 1649298482237
72 60 15 1649298482779
59 59 15 1649298484140
64 18 2 1649298484860
58 60 15 1649298485311
55 61 15 1649298486712
65 18 2 1649298487797
59 61 15 1649298488032
54 60 15 1649298489432
65 19 2 1649298490557
59 60 15 1649298490891
56 61 15 1649298492562
65 20 2 1649298493363
60 60 15 1649298493992
56 59 15 1649298495352
65 21 2 1649298496028
60 60 15 1649298497200
55 59 15 1649298498452
67 21 2 1649298498950
59 60 15 1649298500211
56 60 15 1649298501352
67 20 2 1649298501725
67 19 2 1649298504306
58 60 15 1649298505200
125 9 11 1649298506012
56 60 15 1649298506472
67 18 2 1649298507227
60 60 15 1649298508271
55 58 15 1649298509572
68 18 2 1649298510131
60 62 15 1649298511211
125 10 11 1649298511773
56 60 15 1649298512552
69 18 2 1649298512934
61 61 15 1649298514187
56 60 15 1649298516232
61 61 15 1649298518120
94 28 3 1649298519008
56 59 15 1649298520172
62 61 15 1649298521631
94 29 3 1649298521917
85 46 15 1649298523952
56 61 15 1649298525607
68 21 2 1649298526304
57 60 15 1649298526920
59 60 15 1649298528811
69 21 2 1649298529038
56 59 15 1649298530272
71 21 2 1649298531554
60 60 15 1649298532151
56 59 15 1649298534172
71 20 2 1649298534369
60 60 15 1649298535831
71 19 2 1649298537110
57 60 15 1649298537172
60 61 15 1649298538691
71 18 2 1649298540063
56 59 15 1649298540272
61 60 15 1649298541808
72 18 2 1649298542957
56 60 15 1649298543052
62 61 15 1649298544487
73 19 2 1649298545906
57 59 15 1649298546152
60 61 15 1649298547592
72 20 2 1649298548862
56 58 15 1649298549552
61 62 15 1649298551351
73 21 2 1649298551585
57 61 15 1649298552532
60 61 15 1649298554271
66 14 2 1649298554801
55 59 15 1649298555940
60 61 15 1649298557531
66 16 2 1649298557713
112 104 11 1649298558810
55 59 15 1649298558872
60 60 15 1649298560311
57 59 15 1649298561752
60 61 15 1649298563191
112 104 8 1649298563492
55 60 15 1649298564492
60 61 15 1649298565771
111 104 8 1649298566229
57 59 15 1649298567752
110 104 8 1649298568973
59 60 15 1649298569239
59 60 15 1649298570792
111 106 8 1649298571759
62 60 15 1649298573220
111 105 8 1649298574495
59 60 15 1649298574532
61 61 15 1649298576152
110 107 8 1649298577257
57 61 15 1649298577512
59 62 15 1649298579292
111 107 8 1649298580064
57 60 15 1649298580674
61 60 15 1649298582232
108 106 8 1649298582976
55 60 15 1649298583634
59 59 15 1649298585071
54 59 15 1649298586552
109 105 8 1649298586629
57 60 15 1649298588312
109 104 8 1649298589358
57 59 15 1649298590132
95 91 8 1649298590161
59 61 15 1649298591572
55 61 15 1649298592908
96 91 8 1649298593977
107 107 14 1649298594747
59 60 15 1649298594791
97 91 8 1649298596546
56 58 15 1649298597032
108 107 14 1649298597950
60 60 15 1649298598992
98 91 8 1649298599521
58 59 15 1649298600660
58 59 15 1649298602460
99 91 8 1649298602856
100 91 8 1649298605922
101 91 8 1649298608511
110 91 8 1649298611284
109 91 8 1649298614175
109 92 8 1649298617058
108 92 8 1649298620009
107 92 8 1649298623031
107 93 8 1649298626104
106 93 8 1649298629093
106 94 8 1649298632373
106 95 8 1649298635532
106 96 8 1649298638532
107 96 8 1649298641465
107 97 8 1649298644404
108 97 8 1649298652454
115 114 15 1649298668300
109 97 8 1649298669456
109 98 8 1649298673307
110 98 8 1649298676326
110 99 8 1649298679258
111 99 8 1649298682118
112 99 8 1649298684964
113 99 8 1649298687864
113 98 8 1649298690442
114 97 8 1649298695426
113 97 8 1649298698377
29 119 14 1649298699049
114 96 8 1649298701528
30 119 14 1649298701805
113 96 8 1649298705123
31 119 14 1649298705127
21 117 14 1649298707896
112 96 8 1649298710128
22 117 14 1649298710657
111 96 8 1649298713020
22 118 14 1649298713403
21 118 14 1649298716155
110 96 8 1649298716901
110 95 8 1649298719992
33 121 14 1649298720869
109 95 8 1649298723244
33 119 14 1649298723597
109 94 8 1649298725873
33 118 14 1649298726361
109 93 8 1649298728833
33 117 14 1649298729131
108 93 8 1649298731659
107 94 8 1649298734717
108 94 8 1649298737526
115 114 9 1649298738220
115 115 9 1649298741004
107 95 8 1649298741832
115 116 9 1649298743738
108 95 8 1649298745264
115 117 9 1649298746477
116 116 9 1649298749228
117 116 9 1649298751963
108 96 8 1649298754605
117 117 9 1649298754712
117 118 9 1649298757442
109 96 8 1649298757655
117 119 9 1649298760128
110 97 8 1649298760674
116 119 9 1649298762867
116 120 9 1649298763301
111 97 8 1649298764255
116 118 9 1649298765615
118 118 9 1649298767523
112 97 8 1649298767908
119 118 9 1649298768860
119 119 9 1649298770556
113 98 8 1649298771254
120 119 9 1649298771610
120 120 9 1649298773382
120 121 9 1649298774331
120 122 9 1649298775967
120 123 9 1649298777282
120 123 9 1649298778795
120 125 9 1649298780085
120 124 9 1649298782276
120 126 9 1649298782945
111 98 8 1649298783634
120 127 9 1649298785053
119 127 9 1649298785806
118 127 9 1649298788520
112 98 8 1649298788650
116 127 9 1649298788807
101 115 0 1649298790521
117 127 9 1649298791650
115 127 9 1649298791820
115 126 9 1649298794446
104 96 8 1649298794742
118 126 9 1649298794801
116 126 9 1649298797351
119 126 9 1649298797552
104 95 8 1649298797998
109 125 0 1649298798792
119 125 9 1649298800477
0 0 8 1649298800674
117 126 9 1649298800912
118 125 9 1649298803697
117 125 9 1649298803790
104 94 8 1649298804023
109 124 15 1649298805778
119 124 9 1649298806514
118 124 9 1649298807017
104 93 8 1649298807588
119 123 9 1649298809242
109 125 15 1649298809446
119 123 9 1649298809890
103 93 8 1649298810617
119 121 9 1649298811965
120 118 9 1649298813448
118 117 9 1649298814730
120 117 9 1649298816212
119 117 9 1649298817522
103 92 8 1649298818615
120 116 9 1649298818767
120 115 9 1649298820202
119 116 9 1649298821817
118 116 9 1649298822964
119 115 9 1649298824883
118 115 9 1649298825758
117 115 9 1649298827834
102 92 8 1649298828710
116 115 9 1649298828812
114 115 9 1649298830594
113 115 9 1649298831570
101 92 8 1649298831697
113 116 9 1649298833232
113 117 9 1649298834778
100 92 8 1649298836072
112 116 9 1649298836359
111 116 9 1649298837709
111 117 9 1649298838947
99 92 8 1649298839023
111 118 9 1649298842359
98 92 8 1649298843809
111 119 9 1649298843949
112 119 9 1649298845136
97 92 8 1649298847175
112 120 9 1649298847458
112 118 9 1649298847813
96 92 8 1649298850196
110 118 9 1649298850325
109 118 9 1649298850582
95 92 8 1649298853049
109 119 9 1649298853285
108 119 9 1649298853579
95 93 8 1649298855992
108 120 9 1649298856164
108 121 9 1649298856416
95 94 8 1649298858913
108 122 9 1649298859008
108 123 9 1649298859222
95 95 8 1649298861845
108 124 9 1649298861848
108 125 9 1649298862007
95 96 8 1649298864422
108 127 9 1649298865182
108 126 9 1649298866148
95 97 8 1649298867343
109 127 9 1649298868107
110 127 9 1649298869324
102 115 0 1649298869979
95 98 8 1649298870430
112 127 9 1649298871238
111 127 9 1649298871879
95 99 8 1649298872844
113 126 9 1649298873960
103 115 0 1649298874770
113 127 9 1649298875619
95 100 8 1649298875718
109 126 9 1649298876717
96 100 8 1649298878532
112 126 9 1649298878539
110 126 9 1649298879498
101 116 0 1649298880887
96 101 8 1649298881625
109 125 9 1649298882404
111 126 9 1649298882800
101 117 0 1649298883761
97 101 8 1649298884429
110 125 9 1649298885162
111 125 9 1649298886922
98 101 8 1649298887053
102 117 0 1649298887451
109 124 9 1649298887996
99 101 8 1649298889880
110 124 9 1649298890304
103 117 0 1649298890580
109 123 9 1649298890603
100 101 8 1649298892776
109 121 9 1649298893365
109 121 9 1649298893404
101 118 0 1649298893573
101 101 8 1649298895707
103 118 0 1649298896462
110 117 9 1649298896668
108 118 9 1649298897143
101 100 8 1649298898244
109 117 9 1649298899473
108 117 9 1649298900509
102 116 8 1649298900648
102 100 8 1649298900931
110 116 9 1649298902639
108 116 9 1649298903317
103 116 8 1649298903516
112 115 9 1649298905946
109 116 9 1649298906263
102 101 8 1649298906727
108 115 9 1649298908752
108 115 9 1649298909304
109 115 9 1649298911526
111 115 9 1649298912675
110 115 9 1649298914295
115 96 8 1649298928492
103 99 8 1649298943350
103 100 8 1649298946647
103 101 8 1649298949507
104 101 8 1649298952479
104 100 8 1649298955360
105 100 8 1649298957886
114 101 8 1649298958306
100 99 8 1649298960967
114 100 8 1649298961061
99 99 8 1649298963787
115 100 8 1649298963895
115 99 8 1649298966501
98 99 8 1649298966818
115 98 8 1649298969247
97 99 8 1649298969661
115 97 8 1649298971979
97 98 8 1649298972416
113 101 8 1649298974794
97 97 8 1649298975268
112 101 8 1649298977546
96 97 8 1649298978020
110 101 8 1649298980397
96 96 8 1649298980874
111 101 8 1649298983310
96 95 8 1649298983568
109 101 8 1649298986043
96 94 8 1649298986246
96 93 8 1649298988782
108 101 8 1649298988864
97 93 8 1649298991705
105 101 8 1649298991816
98 93 8 1649298994559
107 99 8 1649298994564
99 93 8 1649298997464
106 101 8 1649298997528
100 93 8 1649299000288
107 101 8 1649299000328
106 100 8 1649299003171
107 100 8 1649299005966
108 100 8 1649299008746
109 100 8 1649299011450
102 93 8 1649299014145
101 93 8 1649299017489
103 97 8 1649299020324
102 97 8 1649299023091
101 97 8 1649299025844
101 98 8 1649299028597
98 97 8 1649299031638
98 98 8 1649299034389
99 98 8 1649299037047
100 98 8 1649299040690
100 97 8 1649299044498
99 97 8 1649299047300
97 96 8 1649299054943
98 95 8 1649299057671
101 93 8 1649299059592
99 94 8 1649299060433
100 95 8 1649299063177
101 96 8 1649299065906
102 95 8 1649299068847
103 94 8 1649299071833
103 96 8 1649299074777
97 94 8 1649299077920
101 94 8 1649299080846
99 96 8 1649299083841
99 105 14 1649299119519
99 106 14 1649299122297
99 107 14 1649299125096
84 45 14 1649299130524
85 45 14 1649299143542
85 35 3 1649299231624
85 34 10 1649299236056
86 34 10 1649299238878
86 33 10 1649299241897
26 70 4 1649299264080
26 71 4 1649299266861
24 71 15 1649299272621
24 70 15 1649299275538
56 54 14 1649299336415
56 54 14 1649299339827
57 54 14 1649299342798
57 53 14 1649299345911
57 52 14 1649299348675
56 52 13 1649299353870
56 53 13 1649299356639
56 54 13 1649299359630
57 54 13 1649299362378
57 53 13 1649299365150
57 52 13 1649299367899
56 52 14 1649299372019
56 53 14 1649299374801
21 34 9 1649299431340
20 33 9 1649299434145
20 33 14 1649299439402
21 34 14 1649299442158
17 36 3 1649299449596
17 35 3 1649299452666
15 35 3 1649299455537
16 36 3 1649299458197
15 36 3 1649299460996
12 36 3 1649299463751
12 35 3 1649299466679
59 1 8 1649299469680
17 33 9 1649299471590
59 2 8 1649299473094
17 34 9 1649299474344
15 33 9 1649299477132
58 2 8 1649299477213
16 33 9 1649299479904
59 1 9 1649299481899
15 34 9 1649299482465
12 34 9 1649299485258
13 33 9 1649299488012
12 33 9 1649299490801
11 33 9 1649299493775
3 27 15 1649299521410
4 27 15 1649299524175
6 27 15 1649299527534
5 27 15 1649299530311
7 27 15 1649299533121
8 27 15 1649299536304
9 27 15 1649299539119
5 28 14 1649299545577
